{"C:\\Users\\delir\\Desktop\\rest_api_node_ts_server\\src\\router.ts": {"path":"C:\\Users\\delir\\Desktop\\rest_api_node_ts_server\\src\\router.ts","statementMap":{"0":{"start":{"line":2,"column":0},"end":{"line":2,"column":33}},"1":{"start":{"line":3,"column":0},"end":{"line":3,"column":131}},"2":{"start":{"line":4,"column":0},"end":{"line":4,"column":48}},"3":{"start":{"line":5,"column":0},"end":{"line":5,"column":47}},"4":{"start":{"line":6,"column":15},"end":{"line":6,"column":23}},"5":{"start":{"line":8,"column":0},"end":{"line":8,"column":null}},"6":{"start":{"line":9,"column":0},"end":{"line":13,"column":null}},"7":{"start":{"line":14,"column":0},"end":{"line":22,"column":null}},"8":{"start":{"line":19,"column":16},"end":{"line":19,"column":23}},"9":{"start":{"line":24,"column":0},"end":{"line":34,"column":null}},"10":{"start":{"line":29,"column":16},"end":{"line":29,"column":23}},"11":{"start":{"line":35,"column":0},"end":{"line":35,"column":null}},"12":{"start":{"line":36,"column":0},"end":{"line":36,"column":null}},"13":{"start":{"line":37,"column":0},"end":{"line":37,"column":22}}},"fnMap":{"0":{"name":"(anonymous_0)","decl":{"start":{"line":19,"column":8},"end":{"line":19,"column":13}},"loc":{"start":{"line":19,"column":16},"end":{"line":19,"column":23}}},"1":{"name":"(anonymous_1)","decl":{"start":{"line":29,"column":8},"end":{"line":29,"column":13}},"loc":{"start":{"line":29,"column":16},"end":{"line":29,"column":23}}}},"branchMap":{},"s":{"0":2,"1":2,"2":2,"3":2,"4":2,"5":2,"6":2,"7":2,"8":2,"9":2,"10":2,"11":2,"12":2,"13":2},"f":{"0":2,"1":2},"b":{}}
,"C:\\Users\\delir\\Desktop\\rest_api_node_ts_server\\src\\server.ts": {"path":"C:\\Users\\delir\\Desktop\\rest_api_node_ts_server\\src\\server.ts","statementMap":{"0":{"start":{"line":1,"column":0},"end":{"line":1,"column":30}},"1":{"start":{"line":2,"column":0},"end":{"line":2,"column":30}},"2":{"start":{"line":3,"column":0},"end":{"line":3,"column":29}},"3":{"start":{"line":4,"column":0},"end":{"line":4,"column":28}},"4":{"start":{"line":7,"column":4},"end":{"line":15,"column":5}},"5":{"start":{"line":8,"column":8},"end":{"line":8,"column":32}},"6":{"start":{"line":9,"column":8},"end":{"line":9,"column":24}},"7":{"start":{"line":10,"column":8},"end":{"line":10,"column":73}},"8":{"start":{"line":12,"column":8},"end":{"line":12,"column":82}},"9":{"start":{"line":13,"column":8},"end":{"line":13,"column":29}},"10":{"start":{"line":14,"column":8},"end":{"line":14,"column":20}},"11":{"start":{"line":6,"column":0},"end":{"line":6,"column":7}},"12":{"start":{"line":18,"column":15},"end":{"line":18,"column":24}},"13":{"start":{"line":20,"column":0},"end":{"line":20,"column":27}},"14":{"start":{"line":22,"column":0},"end":{"line":22,"column":36}},"15":{"start":{"line":25,"column":0},"end":{"line":33,"column":58}},"16":{"start":{"line":27,"column":21},"end":{"line":27,"column":45}},"17":{"start":{"line":28,"column":8},"end":{"line":30,"column":11}},"18":{"start":{"line":29,"column":12},"end":{"line":29,"column":86}},"19":{"start":{"line":33,"column":0},"end":{"line":33,"column":55}},"20":{"start":{"line":35,"column":0},"end":{"line":35,"column":22}}},"fnMap":{"0":{"name":"connectDB","decl":{"start":{"line":6,"column":22},"end":{"line":6,"column":31}},"loc":{"start":{"line":6,"column":31},"end":{"line":16,"column":1}}},"1":{"name":"(anonymous_2)","decl":{"start":{"line":26,"column":10},"end":{"line":26,"column":13}},"loc":{"start":{"line":26,"column":15},"end":{"line":31,"column":5}}},"2":{"name":"(anonymous_3)","decl":{"start":{"line":28,"column":28},"end":{"line":28,"column":31}},"loc":{"start":{"line":28,"column":33},"end":{"line":30,"column":9}}},"3":{"name":"(anonymous_4)","decl":{"start":{"line":32,"column":11},"end":{"line":32,"column":12}},"loc":{"start":{"line":32,"column":21},"end":{"line":33,"column":56}}}},"branchMap":{"0":{"loc":{"start":{"line":27,"column":21},"end":{"line":27,"column":45}},"type":"binary-expr","locations":[{"start":{"line":27,"column":21},"end":{"line":27,"column":37}},{"start":{"line":27,"column":41},"end":{"line":27,"column":45}}]}},"s":{"0":2,"1":2,"2":2,"3":2,"4":3,"5":3,"6":2,"7":2,"8":1,"9":1,"10":1,"11":2,"12":2,"13":2,"14":2,"15":2,"16":2,"17":2,"18":1,"19":0,"20":2},"f":{"0":3,"1":2,"2":1,"3":0},"b":{"0":[2,2]}}
,"C:\\Users\\delir\\Desktop\\rest_api_node_ts_server\\src\\config\\db.ts": {"path":"C:\\Users\\delir\\Desktop\\rest_api_node_ts_server\\src\\config\\db.ts","statementMap":{"0":{"start":{"line":1,"column":0},"end":{"line":1,"column":49}},"1":{"start":{"line":2,"column":0},"end":{"line":2,"column":28}},"2":{"start":{"line":3,"column":0},"end":{"line":3,"column":16}},"3":{"start":{"line":5,"column":11},"end":{"line":8,"column":2}},"4":{"start":{"line":9,"column":0},"end":{"line":9,"column":18}}},"fnMap":{},"branchMap":{},"s":{"0":2,"1":2,"2":2,"3":2,"4":2},"f":{},"b":{}}
,"C:\\Users\\delir\\Desktop\\rest_api_node_ts_server\\src\\handlers\\product.ts": {"path":"C:\\Users\\delir\\Desktop\\rest_api_node_ts_server\\src\\handlers\\product.ts","statementMap":{"0":{"start":{"line":3,"column":0},"end":{"line":3,"column":47}},"1":{"start":{"line":5,"column":31},"end":{"line":17,"column":1}},"2":{"start":{"line":6,"column":4},"end":{"line":16,"column":5}},"3":{"start":{"line":7,"column":23},"end":{"line":7,"column":33}},"4":{"start":{"line":8,"column":24},"end":{"line":8,"column":51}},"5":{"start":{"line":9,"column":8},"end":{"line":11,"column":9}},"6":{"start":{"line":10,"column":12},"end":{"line":10,"column":47}},"7":{"start":{"line":12,"column":8},"end":{"line":12,"column":73}},"8":{"start":{"line":14,"column":8},"end":{"line":14,"column":27}},"9":{"start":{"line":15,"column":8},"end":{"line":15,"column":79}},"10":{"start":{"line":5,"column":13},"end":{"line":5,"column":31}},"11":{"start":{"line":18,"column":27},"end":{"line":29,"column":1}},"12":{"start":{"line":19,"column":3},"end":{"line":28,"column":4}},"13":{"start":{"line":20,"column":25},"end":{"line":21,"column":62}},"14":{"start":{"line":22,"column":8},"end":{"line":22,"column":42}},"15":{"start":{"line":25,"column":9},"end":{"line":25,"column":28}},"16":{"start":{"line":26,"column":9},"end":{"line":26,"column":80}},"17":{"start":{"line":18,"column":13},"end":{"line":18,"column":27}},"18":{"start":{"line":31,"column":29},"end":{"line":40,"column":1}},"19":{"start":{"line":32,"column":2},"end":{"line":39,"column":3}},"20":{"start":{"line":33,"column":20},"end":{"line":33,"column":51}},"21":{"start":{"line":34,"column":4},"end":{"line":34,"column":25}},"22":{"start":{"line":35,"column":4},"end":{"line":35,"column":39}},"23":{"start":{"line":37,"column":4},"end":{"line":37,"column":23}},"24":{"start":{"line":38,"column":4},"end":{"line":38,"column":73}},"25":{"start":{"line":31,"column":13},"end":{"line":31,"column":29}},"26":{"start":{"line":42,"column":27},"end":{"line":55,"column":1}},"27":{"start":{"line":43,"column":4},"end":{"line":54,"column":5}},"28":{"start":{"line":44,"column":19},"end":{"line":44,"column":29}},"29":{"start":{"line":45,"column":22},"end":{"line":45,"column":49}},"30":{"start":{"line":46,"column":8},"end":{"line":49,"column":9}},"31":{"start":{"line":47,"column":12},"end":{"line":47,"column":43}},"32":{"start":{"line":48,"column":12},"end":{"line":48,"column":44}},"33":{"start":{"line":50,"column":8},"end":{"line":50,"column":70}},"34":{"start":{"line":52,"column":8},"end":{"line":52,"column":27}},"35":{"start":{"line":53,"column":8},"end":{"line":53,"column":79}},"36":{"start":{"line":42,"column":13},"end":{"line":42,"column":27}},"37":{"start":{"line":56,"column":32},"end":{"line":70,"column":1}},"38":{"start":{"line":57,"column":4},"end":{"line":69,"column":5}},"39":{"start":{"line":58,"column":19},"end":{"line":58,"column":29}},"40":{"start":{"line":59,"column":22},"end":{"line":59,"column":49}},"41":{"start":{"line":60,"column":8},"end":{"line":64,"column":9}},"42":{"start":{"line":61,"column":13},"end":{"line":61,"column":61}},"43":{"start":{"line":62,"column":16},"end":{"line":62,"column":37}},"44":{"start":{"line":63,"column":13},"end":{"line":63,"column":45}},"45":{"start":{"line":65,"column":8},"end":{"line":65,"column":70}},"46":{"start":{"line":67,"column":8},"end":{"line":67,"column":27}},"47":{"start":{"line":68,"column":8},"end":{"line":68,"column":98}},"48":{"start":{"line":56,"column":13},"end":{"line":56,"column":32}},"49":{"start":{"line":71,"column":27},"end":{"line":84,"column":1}},"50":{"start":{"line":72,"column":4},"end":{"line":83,"column":5}},"51":{"start":{"line":73,"column":19},"end":{"line":73,"column":29}},"52":{"start":{"line":74,"column":22},"end":{"line":74,"column":49}},"53":{"start":{"line":75,"column":8},"end":{"line":78,"column":9}},"54":{"start":{"line":76,"column":12},"end":{"line":76,"column":36}},"55":{"start":{"line":77,"column":12},"end":{"line":77,"column":44}},"56":{"start":{"line":79,"column":8},"end":{"line":79,"column":70}},"57":{"start":{"line":81,"column":8},"end":{"line":81,"column":27}},"58":{"start":{"line":82,"column":8},"end":{"line":82,"column":77}},"59":{"start":{"line":71,"column":13},"end":{"line":71,"column":27}}},"fnMap":{"0":{"name":"(anonymous_1)","decl":{"start":{"line":5,"column":31},"end":{"line":5,"column":36}},"loc":{"start":{"line":5,"column":69},"end":{"line":17,"column":1}}},"1":{"name":"(anonymous_2)","decl":{"start":{"line":18,"column":27},"end":{"line":18,"column":32}},"loc":{"start":{"line":18,"column":65},"end":{"line":29,"column":1}}},"2":{"name":"(anonymous_3)","decl":{"start":{"line":31,"column":29},"end":{"line":31,"column":34}},"loc":{"start":{"line":31,"column":67},"end":{"line":40,"column":1}}},"3":{"name":"(anonymous_4)","decl":{"start":{"line":42,"column":27},"end":{"line":42,"column":32}},"loc":{"start":{"line":42,"column":60},"end":{"line":55,"column":1}}},"4":{"name":"(anonymous_5)","decl":{"start":{"line":56,"column":32},"end":{"line":56,"column":37}},"loc":{"start":{"line":56,"column":65},"end":{"line":70,"column":1}}},"5":{"name":"(anonymous_6)","decl":{"start":{"line":71,"column":27},"end":{"line":71,"column":32}},"loc":{"start":{"line":71,"column":60},"end":{"line":84,"column":1}}}},"branchMap":{"0":{"loc":{"start":{"line":9,"column":8},"end":{"line":11,"column":9}},"type":"if","locations":[{"start":{"line":9,"column":8},"end":{"line":11,"column":9}}]},"1":{"loc":{"start":{"line":46,"column":8},"end":{"line":49,"column":9}},"type":"if","locations":[{"start":{"line":46,"column":8},"end":{"line":49,"column":9}}]},"2":{"loc":{"start":{"line":60,"column":8},"end":{"line":64,"column":9}},"type":"if","locations":[{"start":{"line":60,"column":8},"end":{"line":64,"column":9}}]},"3":{"loc":{"start":{"line":75,"column":8},"end":{"line":78,"column":9}},"type":"if","locations":[{"start":{"line":75,"column":8},"end":{"line":78,"column":9}}]}},"s":{"0":2,"1":2,"2":2,"3":2,"4":2,"5":2,"6":1,"7":1,"8":0,"9":0,"10":2,"11":2,"12":1,"13":1,"14":1,"15":0,"16":0,"17":2,"18":2,"19":1,"20":1,"21":1,"22":1,"23":0,"24":0,"25":2,"26":2,"27":0,"28":0,"29":0,"30":0,"31":0,"32":0,"33":0,"34":0,"35":0,"36":2,"37":2,"38":2,"39":2,"40":2,"41":2,"42":0,"43":0,"44":0,"45":2,"46":0,"47":0,"48":2,"49":2,"50":2,"51":2,"52":2,"53":2,"54":0,"55":0,"56":2,"57":0,"58":0,"59":2},"f":{"0":2,"1":1,"2":1,"3":0,"4":2,"5":2},"b":{"0":[1],"1":[0],"2":[0],"3":[0]}}
,"C:\\Users\\delir\\Desktop\\rest_api_node_ts_server\\src\\middleware\\index.ts": {"path":"C:\\Users\\delir\\Desktop\\rest_api_node_ts_server\\src\\middleware\\index.ts","statementMap":{"0":{"start":{"line":2,"column":0},"end":{"line":2,"column":53}},"1":{"start":{"line":4,"column":31},"end":{"line":11,"column":1}},"2":{"start":{"line":5,"column":18},"end":{"line":5,"column":39}},"3":{"start":{"line":6,"column":4},"end":{"line":8,"column":5}},"4":{"start":{"line":7,"column":8},"end":{"line":7,"column":64}},"5":{"start":{"line":10,"column":4},"end":{"line":10,"column":18}},"6":{"start":{"line":4,"column":13},"end":{"line":4,"column":31}}},"fnMap":{"0":{"name":"(anonymous_0)","decl":{"start":{"line":4,"column":31},"end":{"line":4,"column":32}},"loc":{"start":{"line":4,"column":83},"end":{"line":11,"column":1}}}},"branchMap":{"0":{"loc":{"start":{"line":6,"column":4},"end":{"line":8,"column":5}},"type":"if","locations":[{"start":{"line":6,"column":4},"end":{"line":8,"column":5}}]}},"s":{"0":2,"1":2,"2":4,"3":4,"4":3,"5":1,"6":2},"f":{"0":4},"b":{"0":[3]}}
,"C:\\Users\\delir\\Desktop\\rest_api_node_ts_server\\src\\models\\Product.model.ts": {"path":"C:\\Users\\delir\\Desktop\\rest_api_node_ts_server\\src\\models\\Product.model.ts","statementMap":{"0":{"start":{"line":1,"column":0},"end":{"line":1,"column":77}},"1":{"start":{"line":6,"column":0},"end":{"line":25,"column":null}},"2":{"start":{"line":13,"column":12},"end":{"line":13,"column":null}},"3":{"start":{"line":18,"column":12},"end":{"line":18,"column":null}},"4":{"start":{"line":24,"column":13},"end":{"line":24,"column":null}},"5":{"start":{"line":6,"column":6},"end":{"line":25,"column":null}},"6":{"start":{"line":26,"column":0},"end":{"line":26,"column":null}}},"fnMap":{},"branchMap":{},"s":{"0":3,"1":3,"2":3,"3":3,"4":3,"5":3,"6":3},"f":{},"b":{}}
}
